Using pre-set license
Desktop is 1920 x 1080 @ 60 Hz

 COMMAND LINE ARGUMENTS:
Unity
-adb2
-batchMode
-noUpm
-name
AssetImportWorker0
-projectPath
/home/mrsmile/Repos/ARDemo2
-logFile
Logs/AssetImportWorker0.log
-srvPort
35057
Successfully changed project path to: /home/mrsmile/Repos/ARDemo2
/home/mrsmile/Repos/ARDemo2
Using Asset Import Pipeline V2.
Refreshing native plugins compatible for Editor in 56.37 ms, found 0 plugins.
Preloading 0 native plugins for Editor in 0.00 ms.
Initialize engine version: 2020.3.0f1 (c7b5465681fb)
[Subsystems] Discovering subsystems at path /media/mrsmile/Data1/Backup/Unity/Hub/Editor/2020.3.0f1/Editor/Data/Resources/UnitySubsystems
[Subsystems] Discovering subsystems at path /home/mrsmile/Repos/ARDemo2/Assets
GLX Extensions: GLX_ARB_create_context GLX_ARB_create_context_no_error GLX_ARB_create_context_profile GLX_ARB_create_context_robustness GLX_ARB_fbconfig_float GLX_ARB_framebuffer_sRGB GLX_ARB_get_proc_address GLX_ARB_multisample GLX_EXT_buffer_age GLX_EXT_create_context_es2_profile GLX_EXT_create_context_es_profile GLX_EXT_fbconfig_packed_float GLX_EXT_framebuffer_sRGB GLX_EXT_import_context GLX_EXT_texture_from_pixmap GLX_EXT_visual_info GLX_EXT_visual_rating GLX_INTEL_swap_event GLX_MESA_copy_sub_buffer GLX_MESA_query_renderer GLX_MESA_swap_control GLX_OML_swap_method GLX_OML_sync_control GLX_SGIS_multisample GLX_SGIX_fbconfig GLX_SGIX_pbuffer GLX_SGIX_visual_select_group GLX_SGI_make_current_read GLX_SGI_swap_control GLX_SGI_video_sync 
Renderer: Mesa Intel(R) HD Graphics 630 (KBL GT2)
Vendor:   Intel
Version:  4.6 (Core Profile) Mesa 20.2.6
GLES:     0
 GL_3DFX_texture_compression_FXT1 GL_AMD_conservative_depth GL_AMD_depth_clamp_separate GL_AMD_draw_buffers_blend GL_AMD_gpu_shader_int64 GL_AMD_multi_draw_indirect GL_AMD_performance_monitor GL_AMD_pinned_memory GL_AMD_query_buffer_object GL_AMD_seamless_cubemap_per_texture GL_AMD_shader_stencil_export GL_AMD_shader_trinary_minmax GL_AMD_texture_texture4 GL_AMD_vertex_shader_layer GL_AMD_vertex_shader_viewport_index GL_ANGLE_texture_compression_dxt3 GL_ANGLE_texture_compression_dxt5 GL_ARB_ES2_compatibility GL_ARB_ES3_1_compatibility GL_ARB_ES3_2_compatibility GL_ARB_ES3_compatibility GL_ARB_arrays_of_arrays GL_ARB_base_instance GL_ARB_blend_func_extended GL_ARB_buffer_storage GL_ARB_clear_buffer_object GL_ARB_clear_texture GL_ARB_clip_control GL_ARB_compressed_texture_pixel_storage GL_ARB_compute_shader GL_ARB_compute_variable_group_size GL_ARB_conditional_render_inverted GL_ARB_conservative_depth GL_ARB_copy_buffer GL_ARB_copy_image GL_ARB_cull_distance GL_ARB_debug_output GL_ARB_depth_buffer_float GL_ARB
_depth_clamp GL_ARB_derivative_control GL_ARB_direct_state_access GL_ARB_draw_buffers GL_ARB_draw_buffers_blend GL_ARB_draw_elements_base_vertex GL_ARB_draw_indirect GL_ARB_draw_instanced GL_ARB_enhanced_layouts GL_ARB_explicit_attrib_location GL_ARB_explicit_uniform_location GL_ARB_fragment_coord_conventions GL_ARB_fragment_layer_viewport GL_ARB_fragment_shader GL_ARB_fragment_shader_interlock GL_ARB_framebuffer_no_attachments GL_ARB_framebuffer_object GL_ARB_framebuffer_sRGB GL_ARB_get_program_binary GL_ARB_get_texture_sub_image GL_ARB_gl_spirv GL_ARB_gpu_shader5 GL_ARB_gpu_shader_fp64 GL_ARB_gpu_shader_int64 GL_ARB_half_float_pixel GL_ARB_half_float_vertex GL_ARB_indirect_parameters GL_ARB_instanced_arrays GL_ARB_internalformat_query GL_ARB_internalformat_query2 GL_ARB_invalidate_subdata GL_ARB_map_buffer_alignment GL_ARB_map_buffer_range GL_ARB_multi_bind GL_ARB_multi_draw_indirect GL_ARB_occlusion_query2 GL_ARB_parallel_shader_compile GL_ARB_pipeline_statistics_query GL_ARB_pixel_buffer_object GL_ARB_po
int_sprite GL_ARB_polygon_offset_clamp GL_ARB_post_depth_coverage GL_ARB_program_interface_query GL_ARB_provoking_vertex GL_ARB_query_buffer_object GL_ARB_robust_buffer_access_behavior GL_ARB_robustness GL_ARB_sample_shading GL_ARB_sampler_objects GL_ARB_seamless_cube_map GL_ARB_seamless_cubemap_per_texture GL_ARB_separate_shader_objects GL_ARB_shader_atomic_counter_ops GL_ARB_shader_atomic_counters GL_ARB_shader_ballot GL_ARB_shader_bit_encoding GL_ARB_shader_clock GL_ARB_shader_draw_parameters GL_ARB_shader_group_vote GL_ARB_shader_image_load_store GL_ARB_shader_image_size GL_ARB_shader_objects GL_ARB_shader_precision GL_ARB_shader_stencil_export GL_ARB_shader_storage_buffer_object GL_ARB_shader_subroutine GL_ARB_shader_texture_image_samples GL_ARB_shader_texture_lod GL_ARB_shader_viewport_layer_array GL_ARB_shading_language_420pack GL_ARB_shading_language_include GL_ARB_shading_language_packing GL_ARB_spirv_extensions GL_ARB_stencil_texturing GL_ARB_sync GL_ARB_tessellation_shader GL_ARB_texture_barrier G
L_ARB_texture_buffer_object GL_ARB_texture_buffer_object_rgb32 GL_ARB_texture_buffer_range GL_ARB_texture_compression_bptc GL_ARB_texture_compression_rgtc GL_ARB_texture_cube_map_array GL_ARB_texture_filter_anisotropic GL_ARB_texture_float GL_ARB_texture_gather GL_ARB_texture_mirror_clamp_to_edge GL_ARB_texture_multisample GL_ARB_texture_non_power_of_two GL_ARB_texture_query_levels GL_ARB_texture_query_lod GL_ARB_texture_rectangle GL_ARB_texture_rg GL_ARB_texture_rgb10_a2ui GL_ARB_texture_stencil8 GL_ARB_texture_storage GL_ARB_texture_storage_multisample GL_ARB_texture_swizzle GL_ARB_texture_view GL_ARB_timer_query GL_ARB_transform_feedback2 GL_ARB_transform_feedback3 GL_ARB_transform_feedback_instanced GL_ARB_transform_feedback_overflow_query GL_ARB_uniform_buffer_object GL_ARB_vertex_array_bgra GL_ARB_vertex_array_object GL_ARB_vertex_attrib_64bit GL_ARB_vertex_attrib_binding GL_ARB_vertex_buffer_object GL_ARB_vertex_shader GL_ARB_vertex_type_10f_11f_11f_rev GL_ARB_vertex_type_2_10_10_10_rev GL_ARB_viewpor
t_array GL_ATI_blend_equation_separate GL_ATI_texture_float GL_EXT_EGL_image_storage GL_EXT_EGL_sync GL_EXT_abgr GL_EXT_blend_equation_separate GL_EXT_demote_to_helper_invocation GL_EXT_draw_buffers2 GL_EXT_draw_instanced GL_EXT_framebuffer_blit GL_EXT_framebuffer_multisample GL_EXT_framebuffer_multisample_blit_scaled GL_EXT_framebuffer_object GL_EXT_framebuffer_sRGB GL_EXT_packed_depth_stencil GL_EXT_packed_float GL_EXT_pixel_buffer_object GL_EXT_polygon_offset_clamp GL_EXT_provoking_vertex GL_EXT_shader_framebuffer_fetch GL_EXT_shader_framebuffer_fetch_non_coherent GL_EXT_shader_integer_mix GL_EXT_shader_samples_identical GL_EXT_texture_array GL_EXT_texture_compression_dxt1 GL_EXT_texture_compression_rgtc GL_EXT_texture_compression_s3tc GL_EXT_texture_filter_anisotropic GL_EXT_texture_integer GL_EXT_texture_sRGB GL_EXT_texture_sRGB_R8 GL_EXT_texture_sRGB_decode GL_EXT_texture_shadow_lod GL_EXT_texture_shared_exponent GL_EXT_texture_snorm GL_EXT_texture_swizzle GL_EXT_timer_query GL_EXT_transform_feedback G
L_EXT_vertex_array_bgra GL_EXT_vertex_attrib_64bit GL_IBM_multimode_draw_arrays GL_INTEL_blackhole_render GL_INTEL_conservative_rasterization GL_INTEL_performance_query GL_INTEL_shader_atomic_float_minmax GL_INTEL_shader_integer_functions2 GL_KHR_blend_equation_advanced GL_KHR_blend_equation_advanced_coherent GL_KHR_context_flush_control GL_KHR_debug GL_KHR_no_error GL_KHR_parallel_shader_compile GL_KHR_robust_buffer_access_behavior GL_KHR_robustness GL_KHR_texture_compression_astc_ldr GL_KHR_texture_compression_astc_sliced_3d GL_MESA_framebuffer_flip_y GL_MESA_pack_invert GL_MESA_shader_integer_functions GL_MESA_texture_signed_rgba GL_NV_compute_shader_derivatives GL_NV_conditional_render GL_NV_copy_image GL_NV_depth_clamp GL_NV_fragment_shader_interlock GL_NV_packed_depth_stencil GL_NV_texture_barrier GL_OES_EGL_image GL_S3_s3tc
OPENGL LOG: Creating OpenGL 4.6 graphics device ; Context level  <OpenGL 4.5> ; Context handle -565411904
Initialize mono
Mono path[0] = '/media/mrsmile/Data1/Backup/Unity/Hub/Editor/2020.3.0f1/Editor/Data/Managed'
Mono path[1] = '/media/mrsmile/Data1/Backup/Unity/Hub/Editor/2020.3.0f1/Editor/Data/MonoBleedingEdge/lib/mono/unityjit'
Mono config path = '/media/mrsmile/Data1/Backup/Unity/Hub/Editor/2020.3.0f1/Editor/Data/MonoBleedingEdge/etc'
Using monoOptions --debugger-agent=transport=dt_socket,embedding=1,server=y,suspend=n,address=127.0.0.1:56720
Begin MonoManager ReloadAssembly
Registering precompiled unity dll's ...
Register platform support module: /media/mrsmile/Data1/Backup/Unity/Hub/Editor/2020.3.0f1/Editor/Data/PlaybackEngines/LinuxStandaloneSupport/UnityEditor.LinuxStandalone.Extensions.dll
Registered in 0.036068 seconds.
Native extension for LinuxStandalone target not found
Refreshing native plugins compatible for Editor in 47.19 ms, found 0 plugins.
Preloading 0 native plugins for Editor in 0.00 ms.
Invoked RoslynAnalysisRunner static constructor.
RoslynAnalysisRunner will not be running.
RoslynAnalysisRunner has terminated.
Mono: successfully reloaded assembly
- Completed reload, in 24.133 seconds
Platform modules already initialized, skipping
Registering precompiled user dll's ...
Registered in 0.004398 seconds.
Begin MonoManager ReloadAssembly
Native extension for LinuxStandalone target not found
Refreshing native plugins compatible for Editor in 45.19 ms, found 0 plugins.
Preloading 0 native plugins for Editor in 0.00 ms.
Invoked RoslynAnalysisRunner static constructor.
RoslynAnalysisRunner will not be running.
RoslynAnalysisRunner has terminated.
Mono: successfully reloaded assembly
- Completed reload, in  1.873 seconds
Platform modules already initialized, skipping
========================================================================
Worker process is ready to serve import requests
Launched and connected shader compiler UnityShaderCompiler after 0.01 seconds
Refreshing native plugins compatible for Editor in 0.57 ms, found 0 plugins.
Preloading 0 native plugins for Editor in 0.00 ms.
Unloading 1841 Unused Serialized files (Serialized files now loaded: 0)
System memory in use before: 73.2 MB.
System memory in use after: 73.3 MB.

Unloading 14 unused Assets to reduce memory usage. Loaded Objects now: 2284.
Total: 3.471895 ms (FindLiveObjects: 0.236805 ms CreateObjectMapping: 0.136259 ms MarkObjects: 2.900795 ms  DeleteObjects: 0.196325 ms)

========================================================================
Received Import Request.
  path: Assets/Plugins/Lumin
  artifactKey: Guid(cad683986090940a0a1c2d431af3ad9c) Importer(815301076,1909f56bfc062723c751e8b465ee728b)
Start importing Assets/Plugins/Lumin using Guid(cad683986090940a0a1c2d431af3ad9c) Importer(815301076,1909f56bfc062723c751e8b465ee728b)  -> (artifact id: '847a9c80ea23f2f365debe664a26c328') in 0.004423 seconds
  Import took 0.008487 seconds .

========================================================================
Received Import Request.
  Time since last request: 0.000270 seconds.
  path: Assets/Plugins/Lumin/MagicLeapManifestSettings.asset
  artifactKey: Guid(dd3d17bef5f974d19ae58a5a69c484fd) Importer(815301076,1909f56bfc062723c751e8b465ee728b)
Start importing Assets/Plugins/Lumin/MagicLeapManifestSettings.asset using Guid(dd3d17bef5f974d19ae58a5a69c484fd) Importer(815301076,1909f56bfc062723c751e8b465ee728b)  -> (artifact id: '45f5aa7807872143f1856743e3dc6e94') in 0.013761 seconds
  Import took 0.017627 seconds .

========================================================================
Received Prepare
Registering precompiled user dll's ...
Registered in 0.004425 seconds.
Begin MonoManager ReloadAssembly
Native extension for LinuxStandalone target not found
Refreshing native plugins compatible for Editor in 0.51 ms, found 0 plugins.
Preloading 0 native plugins for Editor in 0.00 ms.
Invoked RoslynAnalysisRunner static constructor.
RoslynAnalysisRunner will not be running.
RoslynAnalysisRunner has terminated.
Mono: successfully reloaded assembly
- Completed reload, in  1.941 seconds
Platform modules already initialized, skipping
Switching build target platform(24) subTarget(0) extendedPlatform(0) -> platform(13) subTarget(589824) extendedPlatform(0)
Refreshing native plugins compatible for Editor in 0.49 ms, found 0 plugins.
Preloading 0 native plugins for Editor in 0.00 ms.
Unloading 1811 Unused Serialized files (Serialized files now loaded: 0)
System memory in use before: 72.4 MB.
System memory in use after: 72.4 MB.

Unloading 9 unused Assets to reduce memory usage. Loaded Objects now: 2289.
Total: 2.750784 ms (FindLiveObjects: 0.207520 ms CreateObjectMapping: 0.073950 ms MarkObjects: 2.400304 ms  DeleteObjects: 0.067462 ms)

AssetImportParameters requested are different than current active one (requested -> active):
  custom:graphics/normal-map-encoding: 01000000000000000000000000000000 -> 02000000000000000000000000000000
========================================================================
Received Prepare
Refreshing native plugins compatible for Editor in 1.13 ms, found 0 plugins.
Preloading 0 native plugins for Editor in 0.00 ms.
Unloading 6 Unused Serialized files (Serialized files now loaded: 0)
System memory in use before: 36.3 MB.
System memory in use after: 36.4 MB.

Unloading 5 unused Assets to reduce memory usage. Loaded Objects now: 2290.
Total: 2.633716 ms (FindLiveObjects: 0.182876 ms CreateObjectMapping: 0.066689 ms MarkObjects: 2.295750 ms  DeleteObjects: 0.086132 ms)

========================================================================
Received Prepare
Refreshing native plugins compatible for Editor in 1.10 ms, found 0 plugins.
Preloading 0 native plugins for Editor in 0.00 ms.
Unloading 5 Unused Serialized files (Serialized files now loaded: 0)
System memory in use before: 36.2 MB.
System memory in use after: 36.3 MB.

Unloading 5 unused Assets to reduce memory usage. Loaded Objects now: 2290.
Total: 3.199307 ms (FindLiveObjects: 0.218195 ms CreateObjectMapping: 0.079828 ms MarkObjects: 2.818132 ms  DeleteObjects: 0.080783 ms)

========================================================================
Received Import Request.
  Time since last request: 7646.401482 seconds.
  path: Assets/New Folder
  artifactKey: Guid(9a555ad292a390ae08098d5b2e66df8a) Importer(815301076,1909f56bfc062723c751e8b465ee728b)
Start importing Assets/New Folder using Guid(9a555ad292a390ae08098d5b2e66df8a) Importer(815301076,1909f56bfc062723c751e8b465ee728b)  -> (artifact id: 'fe18eaf9862de7b4e2fb58382a866095') in 0.002681 seconds
  Import took 0.006081 seconds .

========================================================================
Received Import Request.
  Time since last request: 5.281306 seconds.
  path: Assets/Demo
  artifactKey: Guid(9a555ad292a390ae08098d5b2e66df8a) Importer(815301076,1909f56bfc062723c751e8b465ee728b)
Start importing Assets/Demo using Guid(9a555ad292a390ae08098d5b2e66df8a) Importer(815301076,1909f56bfc062723c751e8b465ee728b)  -> (artifact id: '57e91361b2a811f2f35a26c3dd5d6cb0') in 0.000786 seconds
  Import took 0.004075 seconds .

========================================================================
Received Import Request.
  Time since last request: 138.042906 seconds.
  path: Assets/Demo/Game Piece.prefab
  artifactKey: Guid(272e9590697592f389d8b7ee3fd42ebd) Importer(815301076,1909f56bfc062723c751e8b465ee728b)
Start importing Assets/Demo/Game Piece.prefab using Guid(272e9590697592f389d8b7ee3fd42ebd) Importer(815301076,1909f56bfc062723c751e8b465ee728b)  -> (artifact id: 'bf3ce2590fd8ad87e8fa26e712f9db0e') in 0.297141 seconds
  Import took 0.300275 seconds .

========================================================================
Received Import Request.
  Time since last request: 0.035484 seconds.
  path: Assets/Demo/Game Piece.prefab
  artifactKey: Guid(272e9590697592f389d8b7ee3fd42ebd) Importer(815301076,1909f56bfc062723c751e8b465ee728b)
Start importing Assets/Demo/Game Piece.prefab using Guid(272e9590697592f389d8b7ee3fd42ebd) Importer(815301076,1909f56bfc062723c751e8b465ee728b)  -> (artifact id: 'bf3ce2590fd8ad87e8fa26e712f9db0e') in 0.008441 seconds
  Import took 0.011918 seconds .

========================================================================
Received Import Request.
  Time since last request: 1853.390381 seconds.
  path: Assets/Demo/arrow.png
  artifactKey: Guid(122a69c2b7ca7ef90b41c4b7d9bd314c) Importer(815301076,1909f56bfc062723c751e8b465ee728b)
Start importing Assets/Demo/arrow.png using Guid(122a69c2b7ca7ef90b41c4b7d9bd314c) Importer(815301076,1909f56bfc062723c751e8b465ee728b)  -> (artifact id: '5a1816df1b839749ec404cd8a0a24724') in 0.035764 seconds
  Import took 0.040542 seconds .

========================================================================
Received Import Request.
  Time since last request: 0.049886 seconds.
  path: Assets/Demo/arrow.png
  artifactKey: Guid(122a69c2b7ca7ef90b41c4b7d9bd314c) Importer(815301076,1909f56bfc062723c751e8b465ee728b)
Start importing Assets/Demo/arrow.png using Guid(122a69c2b7ca7ef90b41c4b7d9bd314c) Importer(815301076,1909f56bfc062723c751e8b465ee728b)  -> (artifact id: '5a1816df1b839749ec404cd8a0a24724') in 0.007656 seconds
  Import took 0.010939 seconds .

========================================================================
Received Import Request.
  Time since last request: 149.059955 seconds.
  path: Assets/Demo/Materials
  artifactKey: Guid(241fb1a73e6faa5719e77531d8e4f1ba) Importer(815301076,1909f56bfc062723c751e8b465ee728b)
Start importing Assets/Demo/Materials using Guid(241fb1a73e6faa5719e77531d8e4f1ba) Importer(815301076,1909f56bfc062723c751e8b465ee728b)  -> (artifact id: 'f323e5897d31f2eed126855886b73824') in 0.001378 seconds
  Import took 0.006301 seconds .

========================================================================
Received Import Request.
  Time since last request: 0.056890 seconds.
  path: Assets/Demo/Materials/arrow.mat
  artifactKey: Guid(a8b7b90cf08fb1589a49381679c852de) Importer(815301076,1909f56bfc062723c751e8b465ee728b)
Start importing Assets/Demo/Materials/arrow.mat using Guid(a8b7b90cf08fb1589a49381679c852de) Importer(815301076,1909f56bfc062723c751e8b465ee728b)  -> (artifact id: 'e7716f88a86e0cc64a87612cbb4653b4') in 0.377278 seconds
  Import took 0.383728 seconds .

========================================================================
Received Prepare
Refreshing native plugins compatible for Editor in 1.10 ms, found 0 plugins.
Preloading 0 native plugins for Editor in 0.00 ms.
Unloading 5 Unused Serialized files (Serialized files now loaded: 0)
System memory in use before: 38.0 MB.
System memory in use after: 38.1 MB.

Unloading 6 unused Assets to reduce memory usage. Loaded Objects now: 2332.
Total: 3.127389 ms (FindLiveObjects: 0.215717 ms CreateObjectMapping: 0.107431 ms MarkObjects: 2.725039 ms  DeleteObjects: 0.077340 ms)

========================================================================
Received Import Request.
  Time since last request: 358.783739 seconds.
  path: Assets/Demo/arrow.png
  artifactKey: Guid(122a69c2b7ca7ef90b41c4b7d9bd314c) Importer(815301076,1909f56bfc062723c751e8b465ee728b)
Start importing Assets/Demo/arrow.png using Guid(122a69c2b7ca7ef90b41c4b7d9bd314c) Importer(815301076,1909f56bfc062723c751e8b465ee728b)  -> (artifact id: '980282c4f1ff66b0b49b39f41c01c27e') in 0.169481 seconds
  Import took 0.173313 seconds .

========================================================================
Received Import Request.
  Time since last request: 0.013777 seconds.
  path: Assets/Demo/arrow.png
  artifactKey: Guid(122a69c2b7ca7ef90b41c4b7d9bd314c) Importer(815301076,1909f56bfc062723c751e8b465ee728b)
Start importing Assets/Demo/arrow.png using Guid(122a69c2b7ca7ef90b41c4b7d9bd314c) Importer(815301076,1909f56bfc062723c751e8b465ee728b)  -> (artifact id: '980282c4f1ff66b0b49b39f41c01c27e') in 0.011847 seconds
  Import took 0.015339 seconds .

========================================================================
Received Import Request.
  Time since last request: 121.100736 seconds.
  path: Assets/Demo/New Material.mat
  artifactKey: Guid(eb2e564124ff676db8d95036fbbcefe0) Importer(815301076,1909f56bfc062723c751e8b465ee728b)
Start importing Assets/Demo/New Material.mat using Guid(eb2e564124ff676db8d95036fbbcefe0) Importer(815301076,1909f56bfc062723c751e8b465ee728b)  -> (artifact id: '0fbf69a58ff47ead67f5a571ac1962f5') in 0.015696 seconds
  Import took 0.020200 seconds .

========================================================================
Received Import Request.
  Time since last request: 62.892932 seconds.
  path: Assets/ExampleAssets/Tutorial/Images/1-welcome-screen-image.png
  artifactKey: Guid(a36153625af524c1f9fb6e04b5ed3e1c) Importer(815301076,1909f56bfc062723c751e8b465ee728b)
Start importing Assets/ExampleAssets/Tutorial/Images/1-welcome-screen-image.png using Guid(a36153625af524c1f9fb6e04b5ed3e1c) Importer(815301076,1909f56bfc062723c751e8b465ee728b)  -> (artifact id: '155753a16dff71909088257c9267dfd3') in 0.324394 seconds
  Import took 0.331079 seconds .

========================================================================
Received Import Request.
  Time since last request: 0.000428 seconds.
  path: Assets/ExampleAssets/Textures/PlanePatternDot.png
  artifactKey: Guid(af6bcea09b8134831b6599e2900aef81) Importer(815301076,1909f56bfc062723c751e8b465ee728b)
Start importing Assets/ExampleAssets/Textures/PlanePatternDot.png using Guid(af6bcea09b8134831b6599e2900aef81) Importer(815301076,1909f56bfc062723c751e8b465ee728b)  -> (artifact id: '0a1ff3f4a4ee375ae8ae357b19886a2e') in 0.018365 seconds
  Import took 0.025733 seconds .

========================================================================
Received Import Request.
  Time since last request: 0.000191 seconds.
  path: Assets/ExampleAssets/Tutorial/Images/project-header-ar.png
  artifactKey: Guid(36ba5f0e57d094b0c9364f801bc2bac0) Importer(815301076,1909f56bfc062723c751e8b465ee728b)
Start importing Assets/ExampleAssets/Tutorial/Images/project-header-ar.png using Guid(36ba5f0e57d094b0c9364f801bc2bac0) Importer(815301076,1909f56bfc062723c751e8b465ee728b)  -> (artifact id: '702aeec3e543e19e413e9d57d3b87d66') in 0.011252 seconds
  Import took 0.016773 seconds .

========================================================================
Received Import Request.
  Time since last request: 8.834666 seconds.
  path: Assets/Demo/New Material.mat
  artifactKey: Guid(eb2e564124ff676db8d95036fbbcefe0) Importer(815301076,1909f56bfc062723c751e8b465ee728b)
Start importing Assets/Demo/New Material.mat using Guid(eb2e564124ff676db8d95036fbbcefe0) Importer(815301076,1909f56bfc062723c751e8b465ee728b)  -> (artifact id: 'cee12777254682b1ad9d801c9531b3bc') in 0.016139 seconds
  Import took 0.019859 seconds .

